

SpecialKey     xxx cterm=bold ctermfg=11 ctermbg=0 guifg=Cyan
EndOfBuffer    xxx links to NonText
TermCursor     xxx cterm=reverse gui=reverse
TermCursorNC   xxx cleared
NonText        xxx cterm=bold ctermfg=11 gui=bold guifg=Blue
Directory      xxx ctermfg=4 guifg=Cyan
ErrorMsg       xxx cterm=reverse ctermfg=1 guifg=White guibg=Red
IncSearch      xxx cterm=standout ctermfg=9 gui=reverse
Search         xxx cterm=reverse ctermfg=3 guifg=Black guibg=Yellow
MoreMsg        xxx ctermfg=4 gui=bold guifg=SeaGreen
ModeMsg        xxx ctermfg=7 gui=bold
LineNr         xxx ctermfg=10 ctermbg=0 guifg=Yellow
CursorLineNr   xxx ctermfg=11 gui=bold guifg=Yellow
Question       xxx cterm=bold ctermfg=6 gui=bold guifg=Green
StatusLine     xxx cterm=reverse ctermfg=14 ctermbg=0 gui=bold,reverse
StatusLineNC   xxx cterm=reverse ctermfg=11 ctermbg=0 gui=reverse
VertSplit      xxx ctermfg=11 ctermbg=11 gui=reverse
Title          xxx cterm=bold ctermfg=9 gui=bold guifg=Magenta
Visual         xxx cterm=reverse ctermfg=10 ctermbg=8 guibg=DarkGrey
VisualNC       xxx cleared
WarningMsg     xxx cterm=bold ctermfg=1 guifg=Red
WildMenu       xxx cterm=reverse ctermfg=7 ctermbg=0 guifg=Black guibg=Yellow
Folded         xxx cterm=bold,underline ctermfg=12 ctermbg=0 guifg=Cyan guibg=DarkGrey
FoldColumn     xxx ctermfg=12 ctermbg=0 guifg=Cyan guibg=Grey
DiffAdd        xxx ctermfg=2 ctermbg=0 guibg=DarkBlue
DiffChange     xxx ctermfg=3 ctermbg=0 guibg=DarkMagenta
DiffDelete     xxx ctermfg=1 ctermbg=0 gui=bold guifg=Blue guibg=DarkCyan
DiffText       xxx ctermfg=4 ctermbg=0 gui=bold guibg=Red
SignColumn     xxx ctermfg=12 ctermbg=242 guifg=Cyan guibg=Grey
                   links to LineNr
Conceal        xxx ctermfg=4 guifg=LightGrey guibg=DarkGrey
SpellBad       xxx cterm=undercurl gui=undercurl guisp=Red
SpellCap       xxx cterm=undercurl gui=undercurl guisp=Blue
SpellRare      xxx cterm=undercurl gui=undercurl guisp=Magenta
SpellLocal     xxx cterm=undercurl gui=undercurl guisp=Cyan
Pmenu          xxx cterm=reverse ctermfg=12 ctermbg=0 guibg=Magenta
PmenuSel       xxx cterm=reverse ctermfg=10 ctermbg=7 guibg=DarkGrey
PmenuSbar      xxx cterm=reverse ctermfg=7 ctermbg=12 guibg=Grey
PmenuThumb     xxx cterm=reverse ctermfg=12 ctermbg=8 guibg=White
TabLine        xxx cterm=underline ctermfg=12 ctermbg=0 gui=underline guibg=DarkGrey
TabLineSel     xxx cterm=underline,reverse ctermfg=10 ctermbg=7 gui=bold
TabLineFill    xxx cterm=underline ctermfg=12 ctermbg=0 gui=reverse
CursorColumn   xxx ctermbg=0 guibg=Grey40
CursorLine     xxx ctermbg=0 guibg=Grey40
ColorColumn    xxx ctermbg=0 guibg=DarkRed
QuickFixLine   xxx links to Search
Whitespace     xxx links to NonText
NormalNC       xxx cleared
Cursor         xxx ctermfg=8 ctermbg=12 guifg=bg guibg=fg
lCursor        xxx guifg=bg guibg=fg
                   links to Cursor
Substitute     xxx links to Search
MatchParen     xxx cterm=bold ctermfg=1 ctermbg=10 guibg=DarkCyan
Normal         xxx ctermfg=12 ctermbg=8
Comment        xxx ctermfg=10 guifg=#80a0ff
Constant       xxx ctermfg=6 guifg=#ffa0a0
Special        xxx ctermfg=1 guifg=Orange
Identifier     xxx ctermfg=4 guifg=#40ffff
Statement      xxx ctermfg=2 gui=bold guifg=#ffff60
PreProc        xxx ctermfg=9 guifg=#ff80ff
Type           xxx ctermfg=3 gui=bold guifg=#60ff60
Underlined     xxx ctermfg=13 gui=underline guifg=#80a0ff
Ignore         xxx guifg=bg
Error          xxx cterm=bold ctermfg=1 guifg=White guibg=Red
Todo           xxx cterm=bold ctermfg=5 guifg=Blue guibg=Yellow
String         xxx links to Constant
Character      xxx links to Constant
Number         xxx links to Constant
Boolean        xxx links to Constant
Float          xxx links to Number
Function       xxx links to Identifier
Conditional    xxx links to Statement
Repeat         xxx links to Statement
Label          xxx links to Statement
Operator       xxx links to Statement
Keyword        xxx links to Statement
Exception      xxx links to Statement
Include        xxx links to PreProc
Define         xxx links to PreProc
Macro          xxx links to PreProc
PreCondit      xxx links to PreProc
StorageClass   xxx links to Type
Structure      xxx links to Type
Typedef        xxx links to Type
Tag            xxx links to Special
SpecialChar    xxx links to Special
Delimiter      xxx links to Special
SpecialComment xxx links to Special
Debug          xxx links to Special
VisualNOS      xxx cterm=reverse ctermbg=0
vimVar         xxx links to Identifier
vimFunc        xxx links to Function
vimUserFunc    xxx links to Function
helpSpecial    xxx links to Special
vimSet         xxx links to Normal
vimSetEqual    xxx links to Normal
vimCommentString xxx ctermfg=13
vimCommand     xxx ctermfg=3
vimCmdSep      xxx cterm=bold ctermfg=4
helpExample    xxx ctermfg=14
helpOption     xxx ctermfg=6
helpNote       xxx ctermfg=5
helpVim        xxx ctermfg=5
helpHyperTextJump xxx cterm=underline ctermfg=4
helpHyperTextEntry xxx ctermfg=2
vimIsCommand   xxx ctermfg=11
vimSynMtchOpt  xxx ctermfg=3
vimSynType     xxx ctermfg=6
vimHiLink      xxx ctermfg=4
vimHiGroup     xxx ctermfg=4
vimGroup       xxx cterm=bold,underline ctermfg=4
diffAdded      xxx links to Statement
diffLine       xxx links to Identifier
gitcommitComment xxx ctermfg=10
gitcommitUntracked xxx links to gitcommitComment
gitcommitDiscarded xxx links to gitcommitComment
gitcommitSelected xxx links to gitcommitComment
gitcommitUnmerged xxx cterm=bold ctermfg=2
gitcommitOnBranch xxx cterm=bold ctermfg=10
gitcommitBranch xxx cterm=bold ctermfg=5
gitcommitNoBranch xxx links to gitcommitBranch
gitcommitDiscardedType xxx ctermfg=1
gitcommitSelectedType xxx ctermfg=2
gitcommitHeader xxx ctermfg=10
gitcommitUntrackedFile xxx cterm=bold ctermfg=6
gitcommitDiscardedFile xxx cterm=bold ctermfg=1
gitcommitSelectedFile xxx cterm=bold ctermfg=2
gitcommitUnmergedFile xxx cterm=bold ctermfg=3
gitcommitFile  xxx cterm=bold ctermfg=12
gitcommitDiscardedArrow xxx links to gitcommitDiscardedFile
gitcommitSelectedArrow xxx links to gitcommitSelectedFile
gitcommitUnmergedArrow xxx links to gitcommitUnmergedFile
htmlTag        xxx ctermfg=10
htmlEndTag     xxx ctermfg=10
htmlTagN       xxx cterm=bold ctermfg=14
htmlTagName    xxx cterm=bold ctermfg=4
htmlSpecialTagName xxx ctermfg=4
htmlArg        xxx ctermfg=11
javaScript     xxx ctermfg=3
perlHereDoc    xxx ctermfg=14 ctermbg=8
perlVarPlain   xxx ctermfg=3 ctermbg=8
perlStatementFileDesc xxx ctermfg=6 ctermbg=8
texStatement   xxx ctermfg=6 ctermbg=8
texMathZoneX   xxx ctermfg=3 ctermbg=8
texMathMatcher xxx ctermfg=3 ctermbg=8
texRefLabel    xxx ctermfg=3 ctermbg=8
rubyDefine     xxx cterm=bold ctermfg=14 ctermbg=8
cPreCondit     xxx ctermfg=9
VarId          xxx ctermfg=4
ConId          xxx ctermfg=3
hsImport       xxx ctermfg=5
hsString       xxx ctermfg=11
hsStructure    xxx ctermfg=6
hs_hlFunctionName xxx ctermfg=4
hsStatement    xxx ctermfg=6
hsImportLabel  xxx ctermfg=6
hs_OpFunctionName xxx ctermfg=3
hs_DeclareFunction xxx ctermfg=9
hsVarSym       xxx ctermfg=6
hsType         xxx ctermfg=3
hsTypedef      xxx ctermfg=6
hsModuleName   xxx cterm=underline ctermfg=2
hsModuleStartLabel xxx ctermfg=5
                   links to hsStructure
hsImportParams xxx links to Delimiter
hsDelimTypeExport xxx links to Delimiter
hsModuleWhereLabel xxx links to hsModuleStartLabel
hsNiceOperator xxx ctermfg=6
pandocTitleBlock xxx ctermfg=4
pandocTitleBlockTitle xxx cterm=bold ctermfg=4
pandocTitleComment xxx cterm=bold ctermfg=4
pandocComment  xxx ctermfg=10
pandocVerbatimBlock xxx ctermfg=3
pandocVerbatimBlockDeep xxx links to pandocVerbatimBlock
pandocCodeBlock xxx links to pandocVerbatimBlock
pandocCodeBlockDelim xxx links to pandocVerbatimBlock
pandocBlockQuote xxx ctermfg=4
pandocBlockQuoteLeader1 xxx ctermfg=4
pandocBlockQuoteLeader2 xxx ctermfg=6
pandocBlockQuoteLeader3 xxx ctermfg=3
pandocBlockQuoteLeader4 xxx ctermfg=1
pandocBlockQuoteLeader5 xxx ctermfg=12
pandocBlockQuoteLeader6 xxx ctermfg=10
pandocListMarker xxx ctermfg=5
pandocListReference xxx cterm=underline ctermfg=5
pandocDefinitionBlock xxx ctermfg=13
pandocDefinitionTerm xxx cterm=standout ctermfg=13
pandocDefinitionIndctr xxx cterm=bold ctermfg=13
pandocEmphasisDefinition xxx ctermfg=13
pandocEmphasisNestedDefinition xxx cterm=bold ctermfg=13
pandocStrongEmphasisDefinition xxx cterm=bold ctermfg=13
pandocStrongEmphasisNestedDefinition xxx cterm=bold ctermfg=13
pandocStrongEmphasisEmphasisDefinition xxx cterm=bold ctermfg=13
pandocStrikeoutDefinition xxx cterm=reverse ctermfg=13
pandocVerbatimInlineDefinition xxx ctermfg=13
pandocSuperscriptDefinition xxx ctermfg=13
pandocSubscriptDefinition xxx ctermfg=13
pandocTable    xxx ctermfg=4
pandocTableStructure xxx ctermfg=4
pandocTableStructureTop xxx links to pandocTableStructre
pandocTableStructre xxx cleared
pandocTableStructureEnd xxx links to pandocTableStructre
pandocTableZebraLight xxx ctermfg=4 ctermbg=8
pandocTableZebraDark xxx ctermfg=4 ctermbg=0
pandocEmphasisTable xxx ctermfg=4
pandocEmphasisNestedTable xxx cterm=bold ctermfg=4
pandocStrongEmphasisTable xxx cterm=bold ctermfg=4
pandocStrongEmphasisNestedTable xxx cterm=bold ctermfg=4
pandocStrongEmphasisEmphasisTable xxx cterm=bold ctermfg=4
pandocStrikeoutTable xxx cterm=reverse ctermfg=4
pandocVerbatimInlineTable xxx ctermfg=4
pandocSuperscriptTable xxx ctermfg=4
pandocSubscriptTable xxx ctermfg=4
pandocHeading  xxx cterm=bold ctermfg=9
pandocHeadingMarker xxx cterm=bold ctermfg=3
pandocEmphasisHeading xxx cterm=bold ctermfg=9
pandocEmphasisNestedHeading xxx cterm=bold ctermfg=9
pandocStrongEmphasisHeading xxx cterm=bold ctermfg=9
pandocStrongEmphasisNestedHeading xxx cterm=bold ctermfg=9
pandocStrongEmphasisEmphasisHeading xxx cterm=bold ctermfg=9
pandocStrikeoutHeading xxx cterm=reverse ctermfg=9
pandocVerbatimInlineHeading xxx cterm=bold ctermfg=9
pandocSuperscriptHeading xxx cterm=bold ctermfg=9
pandocSubscriptHeading xxx cterm=bold ctermfg=9
pandocLinkDelim xxx ctermfg=10
pandocLinkLabel xxx cterm=underline ctermfg=4
pandocLinkText xxx cterm=bold,underline ctermfg=4
pandocLinkURL  xxx cterm=underline ctermfg=11
pandocLinkTitle xxx cterm=underline ctermfg=11
pandocLinkTitleDelim xxx cterm=underline ctermfg=10
pandocLinkDefinition xxx cterm=underline ctermfg=6
pandocLinkDefinitionID xxx cterm=bold ctermfg=4
pandocImageCaption xxx cterm=bold,underline ctermfg=13
pandocFootnoteLink xxx cterm=underline ctermfg=2
pandocFootnoteDefLink xxx cterm=bold ctermfg=2
pandocFootnoteInline xxx cterm=bold,underline ctermfg=2
pandocFootnote xxx ctermfg=2
pandocCitationDelim xxx ctermfg=5
pandocCitation xxx ctermfg=5
pandocCitationID xxx cterm=underline ctermfg=5
pandocCitationRef xxx ctermfg=5
pandocStyleDelim xxx ctermfg=10
pandocEmphasis xxx ctermfg=12
pandocEmphasisNested xxx cterm=bold ctermfg=12
pandocStrongEmphasis xxx cterm=bold ctermfg=12
pandocStrongEmphasisNested xxx cterm=bold ctermfg=12
pandocStrongEmphasisEmphasis xxx cterm=bold ctermfg=12
pandocStrikeout xxx cterm=reverse ctermfg=10
pandocVerbatimInline xxx ctermfg=3
pandocSuperscript xxx ctermfg=13
pandocSubscript xxx ctermfg=13
pandocRule     xxx cterm=bold ctermfg=4
pandocRuleLine xxx cterm=bold ctermfg=4
pandocEscapePair xxx cterm=bold ctermfg=1
pandocNonBreakingSpace xxx cterm=reverse ctermfg=1
pandocEscapedCharacter xxx links to pandocEscapePair
pandocLineBreak xxx links to pandocEscapePair
pandocMetadataDelim xxx ctermfg=10
pandocMetadata xxx cterm=bold ctermfg=4
pandocMetadataKey xxx ctermfg=4
pandocMetadataTitle xxx links to pandocMetadata
StatMode1      xxx links to StatNormal1
StatNormal1    xxx ctermfg=235 ctermbg=2
StatInsert1    xxx ctermfg=235 ctermbg=13
StatDark1      xxx ctermfg=243 ctermbg=239
StatDark2      xxx ctermfg=242 ctermbg=237
StatDark4      xxx ctermfg=235 ctermbg=239
StatDark5      xxx ctermfg=235 ctermbg=242
GitGutterAddDefault xxx ctermfg=2 ctermbg=0 guifg=#009900
GitGutterChangeDefault xxx ctermfg=3 ctermbg=0 guifg=#bbbb00
GitGutterDeleteDefault xxx ctermfg=1 ctermbg=0 guifg=#ff2222
GitGutterChangeDeleteDefault xxx links to GitGutterChangeDefault
GitGutterAddInvisible xxx ctermfg=0 ctermbg=0 guifg=bg
GitGutterChangeInvisible xxx ctermfg=0 ctermbg=0 guifg=bg
GitGutterDeleteInvisible xxx ctermfg=0 ctermbg=0 guifg=bg
GitGutterChangeDeleteInvisible xxx links to GitGutterChangeInvisble
GitGutterChangeInvisble xxx cleared
GitGutterAdd   xxx links to GitGutterAddDefault
GitGutterChange xxx links to GitGutterChangeDefault
GitGutterDelete xxx links to GitGutterDeleteDefault
GitGutterChangeDelete xxx links to GitGutterChangeDeleteDefault
GitGutterAddLine xxx links to DiffAdd
GitGutterChangeLine xxx links to DiffChange
GitGutterDeleteLine xxx links to DiffDelete
GitGutterChangeDeleteLine xxx links to GitGutterChangeLine
               xxx cleared
ParenMatch     xxx cterm=underline gui=underline
SignatureMarkText xxx ctermfg=9 ctermbg=242
SignatureMarkerText xxx ctermfg=10 ctermbg=242
neosnippetExpandSnippets xxx links to Special
neosnippetConcealExpandSnippets xxx cleared
deniteMode     xxx links to ModeMsg
deniteMatchedRange xxx links to Underlined
deniteMatchedChar xxx links to Search
deniteStatusLinePath xxx links to Comment
deniteStatusLineNumber xxx links to LineNr
deniteSelectedLine xxx links to Statement
deniteConcealedMark xxx cleared
deniteSourceLine_file_mru xxx links to Type
deniteSource_file_mru xxx cleared
vimTodo        xxx links to Todo
vimOnlyCommand xxx cleared
vimStdPlugin   xxx cleared
vimOnlyOption  xxx cleared
vimTermOption  xxx cleared
vimErrSetting  xxx links to vimError
vimHLGroup     xxx links to vimGroup
vimOnlyHLGroup xxx cleared
nvimHLGroup    xxx cleared
vimGlobal      xxx cleared
vimSubst       xxx links to vimCommand
vimNumber      xxx links to Number
vimAddress     xxx links to vimMark
vimAutoCmd     xxx links to vimCommand
vimExtCmd      xxx cleared
vimFilter      xxx cleared
vimLet         xxx links to vimCommand
vimMap         xxx links to vimCommand
vimMark        xxx links to Number
vimSyntax      xxx links to vimCommand
vimUserCmd     xxx cleared
vimFBVar       xxx links to vimVar
vimInsert      xxx links to vimString
vimBehaveModel xxx links to vimBehave
vimBehaveError xxx links to vimError
vimBehave      xxx links to vimCommand
vimFTCmd       xxx links to vimCommand
vimFTOption    xxx links to vimSynType
vimFTError     xxx links to vimError
vimFiletype    xxx cleared
vimAugroup     xxx cleared
vimExecute     xxx cleared
vimNotFunc     xxx links to vimCommand
vimFuncName    xxx links to Function
vimFunction    xxx cleared
vimFunctionError xxx links to vimError
vimLineComment xxx links to vimComment
vimSpecFile    xxx links to Identifier
vimOper        xxx links to Operator
vimOperParen   xxx cleared
vimComment     xxx links to Comment
vimString      xxx links to String
vimRegister    xxx links to SpecialChar
vimCmplxRepeat xxx links to SpecialChar
vimRegion      xxx cleared
vimSynLine     xxx cleared
vimNotation    xxx links to Special
vimCtrlChar    xxx links to SpecialChar
vimFuncVar     xxx links to Identifier
vimContinue    xxx links to Special
vimAugroupKey  xxx links to vimCommand
vimAugroupError xxx links to vimError
vimEnvvar      xxx links to PreProc
vimParenSep    xxx links to Delimiter
vimSep         xxx links to Delimiter
vimOperError   xxx links to Error
vimFuncKey     xxx links to vimCommand
vimFuncSID     xxx links to Special
vimAbb         xxx links to vimCommand
vimEcho        xxx cleared
vimEchoHL      xxx links to vimCommand
vimIf          xxx cleared
vimHighlight   xxx links to vimCommand
vimNorm        xxx links to vimCommand
vimUnmap       xxx links to vimMap
vimUserCommand xxx links to vimCommand
vimFuncBody    xxx cleared
vimFuncBlank   xxx cleared
vimPattern     xxx links to Type
vimSpecFileMod xxx links to vimSpecFile
vimEscapeBrace xxx cleared
vimSetString   xxx links to vimString
vimSubstRep    xxx cleared
vimSubstRange  xxx cleared
vimUserAttrb   xxx links to vimSpecial
vimUserAttrbError xxx links to Error
vimUserAttrbKey xxx links to vimOption
vimUserAttrbCmplt xxx links to vimSpecial
vimUserCmdError xxx links to Error
vimUserAttrbCmpltFunc xxx links to Special
vimPatSepErr   xxx links to vimPatSep
vimPatSep      xxx links to SpecialChar
vimPatSepZ     xxx links to vimPatSep
vimPatSepZone  xxx links to vimString
vimPatSepR     xxx links to vimPatSep
vimPatRegion   xxx cleared
vimNotPatSep   xxx links to vimString
vimStringCont  xxx links to vimString
vimSubstTwoBS  xxx links to vimString
vimSubstSubstr xxx links to SpecialChar
vimCollection  xxx cleared
vimSubstPat    xxx cleared
vimSubst1      xxx links to vimSubst
vimSubstDelim  xxx links to Delimiter
vimSubstRep4   xxx cleared
vimSubstFlagErr xxx links to vimError
vimCollClass   xxx cleared
vimCollClassErr xxx links to vimError
vimSubstFlags  xxx links to Special
vimMarkNumber  xxx links to vimNumber
vimPlainMark   xxx links to vimMark
vimPlainRegister xxx links to vimRegister
vimOption      xxx links to PreProc
vimSetMod      xxx links to vimOption
vimSetSep      xxx links to Statement
vimMapMod      xxx links to vimBracket
vimMapLhs      xxx cleared
vimAutoEvent   xxx links to Type
nvimAutoEvent  xxx cleared
vimAutoCmdSpace xxx cleared
vimAutoEventList xxx cleared
vimAutoCmdSfxList xxx cleared
vimEchoHLNone  xxx links to vimGroup
vimMapBang     xxx links to vimCommand
nvimMap        xxx cleared
nvimUnmap      xxx cleared
vimMapRhs      xxx cleared
vimMapModKey   xxx links to vimFuncSID
vimMapModErr   xxx links to vimError
vimMapRhsExtend xxx cleared
vimMenuBang    xxx cleared
vimMenuPriority xxx cleared
vimMenuName    xxx links to PreProc
vimMenuMod     xxx links to vimMapMod
vimMenuNameMore xxx links to vimMenuName
vimMenuMap     xxx cleared
vimMenuRhs     xxx cleared
vimBracket     xxx links to Delimiter
vimElseIfErr   xxx links to Error
vimBufnrWarn   xxx links to vimWarn
vimNormCmds    xxx cleared
vimGroupSpecial xxx links to Special
vimGroupList   xxx cleared
vimSynError    xxx links to Error
vimSynContains xxx links to vimSynOption
vimSynKeyContainedin xxx links to vimSynContains
vimSynNextgroup xxx links to vimSynOption
vimAuSyntax    xxx cleared
vimSynCase     xxx links to Type
vimSynCaseError xxx links to vimError
vimClusterName xxx cleared
vimGroupName   xxx links to vimGroup
vimGroupAdd    xxx links to vimSynOption
vimGroupRem    xxx links to vimSynOption
vimIskList     xxx cleared
vimIskSep      xxx links to Delimiter
vimSynKeyOpt   xxx links to vimSynOption
vimSynKeyRegion xxx cleared
vimMtchComment xxx links to vimComment
vimSynRegPat   xxx links to vimString
vimSynMatchRegion xxx cleared
vimSynMtchCchar xxx cleared
vimSynMtchGroup xxx cleared
vimSynPatRange xxx links to vimString
vimSynNotPatRange xxx links to vimSynRegPat
vimSynRegOpt   xxx links to vimSynOption
vimSynReg      xxx links to Type
vimSynMtchGrp  xxx links to vimSynOption
vimSynRegion   xxx cleared
vimSynPatMod   xxx cleared
vimSyncC       xxx links to Type
vimSyncLines   xxx cleared
vimSyncMatch   xxx cleared
vimSyncError   xxx links to Error
vimSyncLinebreak xxx cleared
vimSyncLinecont xxx cleared
vimSyncRegion  xxx cleared
vimSyncGroupName xxx links to vimGroupName
vimSyncKey     xxx links to Type
vimSyncGroup   xxx links to vimGroupName
vimSyncNone    xxx links to Type
vimHiClear     xxx links to vimHighlight
vimHiKeyList   xxx cleared
vimHiCtermError xxx links to vimError
vimHiBang      xxx cleared
vimHiAttrib    xxx links to PreProc
vimFgBgAttrib  xxx links to vimHiAttrib
vimHiAttribList xxx links to vimError
vimHiCtermColor xxx cleared
vimHiFontname  xxx cleared
vimHiGuiFontname xxx cleared
vimHiGuiRgb    xxx links to vimNumber
vimHiTerm      xxx links to Type
vimHiCTerm     xxx links to vimHiTerm
vimHiStartStop xxx links to vimHiTerm
vimHiCtermFgBg xxx links to vimHiTerm
vimHiGui       xxx links to vimHiTerm
vimHiGuiFont   xxx links to vimHiTerm
vimHiGuiFgBg   xxx links to vimHiTerm
vimHiKeyError  xxx links to vimError
vimHiTermcap   xxx cleared
vimHiNmbr      xxx links to Number
vimCommentTitle xxx links to PreProc
vimCommentTitleLeader xxx cleared
vimSearchDelim xxx links to Statement
vimSearch      xxx links to vimString
luaTodo        xxx links to Todo
luaComment     xxx links to Comment
luaInnerComment xxx cleared
luaParenError  xxx links to Error
luaSpecial     xxx links to SpecialChar
luaIfThen      xxx cleared
luaElseifThen  xxx cleared
luaElse        xxx links to Conditional
luaThenEnd     xxx cleared
luaBlock       xxx cleared
luaLoopBlock   xxx cleared
luaIn          xxx links to Operator
luaStatement   xxx links to Statement
luaParen       xxx cleared
luaTable       xxx links to Structure
luaBraceError  xxx links to Error
luaTableBlock  xxx cleared
luaError       xxx links to Error
luaFunction    xxx links to Function
luaFunctionBlock xxx cleared
luaCond        xxx links to Conditional
luaRepeat      xxx links to Repeat
luaLabel       xxx links to Label
luaOperator    xxx links to Operator
luaConstant    xxx links to Constant
luaString2     xxx links to String
luaString      xxx links to String
luaNumber      xxx links to Number
luaFunc        xxx links to Identifier
luaFor         xxx links to Repeat
vimScriptDelim xxx links to Comment
vimLuaRegion   xxx cleared
podCmdText     xxx links to String
podCommand     xxx links to Statement
podOverIndent  xxx links to Number
podForKeywd    xxx links to Identifier
podFormat      xxx links to Identifier
podVerbatimLine xxx links to PreProc
podSpecial     xxx links to Identifier
podEscape      xxx links to String
podEscape2     xxx links to Number
podBoldItalic  xxx cleared
podBoldOpen    xxx cleared
podBoldAlternativeDelimOpen xxx cleared
podItalicBold  xxx cleared
podItalicOpen  xxx cleared
podItalicAlternativeDelimOpen xxx cleared
podNoSpaceOpen xxx cleared
podNoSpaceAlternativeDelimOpen xxx cleared
podIndexOpen   xxx cleared
podIndexAlternativeDelimOpen xxx cleared
podBold        xxx cleared
podBoldAlternativeDelim xxx cleared
podItalic      xxx cleared
podItalicAlternativeDelim xxx cleared
perlTodo       xxx links to Todo
perlPOD        xxx links to perlComment
perlBraces     xxx cleared
perlConditional xxx links to Conditional
perlElseIfError xxx links to Error
perlRepeat     xxx links to Repeat
perlOperator   xxx links to Operator
perlFakeGroup  xxx cleared
perlControl    xxx links to PreProc
perlStatementStorage xxx links to perlStatement
perlStatementControl xxx links to perlStatement
perlStatementScalar xxx links to perlStatement
perlStatementRegexp xxx links to perlStatement
perlStatementNumeric xxx links to perlStatement
perlStatementList xxx links to perlStatement
perlStatementHash xxx links to perlStatement
perlStatementIOfunc xxx links to perlStatement
perlFiledescStatementNocomma xxx cleared
perlFiledescStatementComma xxx cleared
perlStatementVector xxx links to perlStatement
perlStatementFiles xxx links to perlStatement
perlStatementFlow xxx links to perlStatement
perlStatementInclude xxx links to perlStatement
perlStatementProc xxx links to perlStatement
perlStatementSocket xxx links to perlStatement
perlStatementIPC xxx links to perlStatement
perlStatementNetwork xxx links to perlStatement
perlStatementPword xxx links to perlStatement
perlStatementTime xxx links to perlStatement
perlStatementMisc xxx links to perlStatement
perlStatementIndirObj xxx links to perlStatement
perlStatementIndirObjWrap xxx cleared
perlLabel      xxx links to Label
perlVarNotInMatches xxx links to perlIdentifier
perlVarSlash   xxx links to perlIdentifier
perlPackageRef xxx links to perlType
perlVarMember  xxx cleared
perlVarSimpleMember xxx links to perlIdentifier
perlMethod     xxx links to perlIdentifier
perlVarPlain2  xxx links to perlIdentifier
perlFunctionName xxx links to perlIdentifier
perlVarBlock   xxx cleared
perlVarBlock2  xxx cleared
perlShellCommand xxx links to perlString
perlFloat      xxx links to Float
perlNumber     xxx links to Number
perlStringUnexpanded xxx links to perlString
perlString     xxx links to String
perlQQ         xxx links to perlString
perlArrow      xxx links to perlIdentifier
perlVarSimpleMemberName xxx links to perlString
perlPackageConst xxx cleared
perlFiledescRead xxx links to perlIdentifier
perlFiledescStatement xxx links to perlIdentifier
perlSpecialString xxx links to perlSpecial
NONE           xxx cleared
perlSpecialStringU2 xxx links to perlString
perlSpecialStringU xxx links to perlSpecial
perlSpecialMatch xxx links to perlSpecial
perlNotEmptyLine xxx links to Error
perlMatchStartEnd xxx links to perlStatement
perlVStringV   xxx links to perlStringStartEnd
perlParensSQ   xxx links to perlString
perlBracketsSQ xxx links to perlString
perlBracesSQ   xxx links to perlString
perlAnglesSQ   xxx links to perlString
perlParensDQ   xxx links to perlString
perlBracketsDQ xxx links to perlString
perlBracesDQ   xxx links to perlString
perlAnglesDQ   xxx links to perlString
perlMatch      xxx links to perlString
perlComment    xxx links to Comment
perlSubstitutionGQQ xxx links to perlString
perlSubstitutionSQ xxx links to perlString
perlTranslationGQ xxx links to perlString
perlStringStartEnd xxx links to perlString
perlAutoload   xxx cleared
perlStatementPackage xxx links to perlStatement
perlPackageDecl xxx links to perlType
perlSubError   xxx links to Error
perlSubAttributesCont xxx links to perlSubAttributes
perlSubAttributes xxx links to PreProc
perlSubPrototypeError xxx links to Error
perlSubPrototype xxx links to Type
perlSubName    xxx links to Function
perlFunction   xxx links to Keyword
perlFunctionPRef xxx links to perlType
perlSharpBang  xxx links to PreProc
perlFormatName xxx links to perlIdentifier
perlFormatField xxx links to perlString
perlFormat     xxx cleared
perlDATA       xxx links to perlComment
perlInclude    xxx links to Include
perlSpecial    xxx links to Special
perlCharacter  xxx links to Character
perlType       xxx links to Type
perlIdentifier xxx links to Identifier
perlStatement  xxx links to Statement
perlList       xxx links to perlStatement
perlMisc       xxx links to perlStatement
perlStorageClass xxx links to perlType
perlSpecialAscii xxx links to perlSpecial
perlSpecialDollar xxx links to perlSpecial
perlSync       xxx cleared
perlSyncPOD    xxx cleared
vimPerlRegion  xxx cleared
rubyConditional xxx links to Conditional
rubyExceptional xxx links to rubyConditional
rubyMethodExceptional xxx links to rubyDefine
rubyTodo       xxx links to Todo
rubyStringEscape xxx links to Special
rubyQuoteEscape xxx links to rubyStringEscape
rubyInterpolationDelimiter xxx links to Delimiter
rubyInterpolation xxx cleared
rubyInstanceVariable xxx links to rubyIdentifier
rubyClassVariable xxx links to rubyIdentifier
rubyGlobalVariable xxx links to rubyIdentifier
rubyPredefinedVariable xxx links to rubyPredefinedIdentifier
rubyInvalidVariable xxx links to Error
rubyNoInterpolation xxx links to rubyString
rubyDelimiterEscape xxx cleared
rubyString     xxx links to String
rubyNestedParentheses xxx cleared
rubyNestedCurlyBraces xxx cleared
rubyNestedAngleBrackets xxx cleared
rubyNestedSquareBrackets xxx cleared
rubyRegexpSpecial xxx links to Special
rubyRegexpComment xxx links to Comment
rubyRegexpParens xxx cleared
rubyRegexpCharClass xxx links to rubyRegexpSpecial
rubyRegexpEscape xxx links to rubyRegexpSpecial
rubyRegexpBrackets xxx cleared
rubyRegexpQuantifier xxx links to rubyRegexpSpecial
rubyRegexpAnchor xxx links to rubyRegexpSpecial
rubyRegexpDot  xxx links to rubyRegexpCharClass
rubyASCIICode  xxx links to Character
rubyInteger    xxx links to Number
rubyFloat      xxx links to Float
rubyLocalVariableOrMethod xxx cleared
rubyBlockArgument xxx cleared
rubyConstant   xxx links to Type
rubySymbol     xxx links to Constant
rubyCapitalizedMethod xxx links to rubyLocalVariableOrMethod
rubyBlockParameter xxx links to rubyIdentifier
rubyBlockParameterList xxx cleared
rubyPredefinedConstant xxx links to rubyPredefinedIdentifier
rubyRegexpDelimiter xxx links to rubyStringDelimiter
rubyRegexp     xxx links to rubyString
rubyStringDelimiter xxx links to Delimiter
rubySymbolDelimiter xxx links to rubySymbol
rubyHeredocStart xxx cleared
rubyHeredoc    xxx links to rubyString
rubyAliasDeclaration2 xxx cleared
rubyAliasDeclaration xxx cleared
rubyBoolean    xxx links to Boolean
rubyPseudoVariable xxx links to Constant
rubyMethodDeclaration xxx cleared
rubyOperator   xxx links to Operator
rubyClassDeclaration xxx cleared
rubyModuleDeclaration xxx cleared
rubyFunction   xxx links to Function
rubyControl    xxx links to Statement
rubyKeyword    xxx links to Keyword
rubyBeginEnd   xxx links to Statement
rubyClass      xxx links to rubyDefine
rubyModule     xxx links to rubyDefine
rubyMethodBlock xxx cleared
rubyBlock      xxx cleared
rubyConditionalModifier xxx links to rubyConditional
rubyRepeatModifier xxx links to rubyRepeat
rubyLineContinuation xxx cleared
rubyDoBlock    xxx cleared
rubyCurlyBlockDelimiter xxx cleared
rubyCurlyBlock xxx cleared
rubyArrayDelimiter xxx cleared
rubyArrayLiteral xxx cleared
rubyBlockExpression xxx cleared
rubyCaseExpression xxx cleared
rubyConditionalExpression xxx cleared
rubyRepeat     xxx links to Repeat
rubyOptionalDo xxx links to rubyRepeat
rubyOptionalDoLine xxx cleared
rubyRepeatExpression xxx cleared
rubyAccess     xxx links to Statement
rubyAttribute  xxx links to Statement
rubyEval       xxx links to Statement
rubyException  xxx links to Exception
rubyInclude    xxx links to Include
rubySharpBang  xxx links to PreProc
rubySpaceError xxx links to rubyError
rubyComment    xxx links to Comment
rubyMultilineComment xxx cleared
rubyDocumentation xxx links to Comment
rubyKeywordAsMethod xxx cleared
rubyDataDirective xxx links to Delimiter
rubyData       xxx links to Comment
rubyIdentifier xxx links to Identifier
rubyPredefinedIdentifier xxx links to rubyIdentifier
rubyError      xxx links to Error
vimRubyRegion  xxx cleared
pythonStatement xxx links to Statement
pythonFunction xxx links to Function
pythonConditional xxx links to Conditional
pythonRepeat   xxx links to Repeat
pythonOperator xxx links to Operator
pythonException xxx links to Exception
pythonInclude  xxx links to Include
pythonAsync    xxx links to Statement
pythonDecorator xxx links to Define
pythonDecoratorName xxx links to Function
pythonDoctestValue xxx links to Define
pythonMatrixMultiply xxx cleared
pythonTodo     xxx links to Todo
pythonComment  xxx links to Comment
pythonQuotes   xxx links to String
pythonEscape   xxx links to Special
pythonString   xxx links to String
pythonTripleQuotes xxx links to pythonQuotes
pythonSpaceError xxx cleared
pythonDoctest  xxx links to Special
pythonRawString xxx links to String
pythonNumber   xxx links to Number
pythonBuiltin  xxx links to Function
pythonAttribute xxx cleared
pythonExceptions xxx links to Structure
pythonSync     xxx cleared
vimPythonRegion xxx cleared
vimEmbedError  xxx links to vimError
vimAugroupSyncA xxx cleared
vimError       xxx links to Error
vimKeyCodeError xxx links to vimError
vimWarn        xxx links to WarningMsg
vimAuHighlight xxx links to vimHighlight
vimAutoCmdOpt  xxx links to vimOption
vimAutoSet     xxx links to vimCommand
vimCondHL      xxx links to vimCommand
vimElseif      xxx links to vimCondHL
vimFold        xxx links to Folded
vimSynOption   xxx links to Special
vimHLMod       xxx links to PreProc
vimKeyCode     xxx links to vimSpecFile
vimKeyword     xxx links to Statement
vimSpecial     xxx links to Type
vimStatement   xxx links to Statement
vimMzSchemeRegion xxx cleared
vimTclRegion   xxx cleared
vimFoldWhile   xxx cleared
vimFoldFor     xxx cleared
vimFoldIfContainer xxx cleared
vimFoldElseIf  xxx cleared
vimFoldElse    xxx cleared
vimFoldIf      xxx cleared
vimFoldTryContainer xxx cleared
vimFoldCatch   xxx cleared
vimFoldFinally xxx cleared
vimFoldTry     xxx cleared
ALEErrorSign   xxx links to Error
ALEStyleErrorSign xxx links to ALEErrorSign
ALEWarningSign xxx links to Todo
ALEStyleWarningSign xxx links to ALEWarningSign
ALEInfoSign    xxx links to ALEWarningSign
ALESignColumnWithErrors xxx links to Error
ALESignColumnWithoutErrors xxx links to LineNr
ALEErrorLine   xxx cleared
ALEWarningLine xxx cleared
ALEInfoLine    xxx cleared
ALEError       xxx links to SpellBad
ALEStyleError  xxx links to ALEError
ALEWarning     xxx links to SpellCap
ALEStyleWarning xxx links to ALEWarning
ALEInfo        xxx links to ALEWarning
plugNumber     xxx links to Number
plug1          xxx links to Title
plugBracket    xxx links to Structure
plugX          xxx links to Exception
plug2          xxx links to Repeat
plugDash       xxx links to Special
plugPlus       xxx links to Constant
plugStar       xxx links to Boolean
plugMessage    xxx links to Function
plugName       xxx links to Label
plugSha        xxx links to Identifier
plugTag        xxx links to Constant
plugInstall    xxx links to Function
plugUpdate     xxx links to Type
plugRelDate    xxx links to Comment
plugEdge       xxx links to PreProc
plugCommit     xxx cleared
plugNotLoaded  xxx links to Comment
plugError      xxx links to Error
plugDeleted    xxx links to Ignore
plugH2         xxx links to Type
LightlineLeft_normal_0 xxx ctermfg=8 ctermbg=4 guifg=#002b36 guibg=#268bd2
LightlineLeft_normal_0_1 xxx ctermfg=4 ctermbg=11 guifg=#268bd2 guibg=#657b83
LightlineLeft_normal_0_tabsel xxx ctermfg=4 ctermbg=14 guifg=#268bd2 guibg=#93a1a1
LightlineLeft_normal_1 xxx ctermfg=8 ctermbg=11 guifg=#002b36 guibg=#657b83
LightlineLeft_normal_1_2 xxx ctermfg=11 ctermbg=0 guifg=#657b83 guibg=#073642
LightlineLeft_normal_1_tabsel xxx ctermfg=11 ctermbg=14 guifg=#657b83 guibg=#93a1a1
LightlineLeft_normal_tabsel xxx ctermfg=8 ctermbg=14 guifg=#002b36 guibg=#93a1a1
LightlineLeft_normal_tabsel_0 xxx ctermfg=14 ctermbg=4 guifg=#93a1a1 guibg=#268bd2
LightlineLeft_normal_tabsel_1 xxx ctermfg=14 ctermbg=11 guifg=#93a1a1 guibg=#657b83
LightlineLeft_normal_tabsel_2 xxx ctermfg=14 ctermbg=0 guifg=#93a1a1 guibg=#073642
LightlineLeft_normal_tabsel_tabsel xxx ctermfg=14 ctermbg=14 guifg=#93a1a1 guibg=#93a1a1
LightlineRight_normal_0 xxx ctermfg=8 ctermbg=14 guifg=#002b36 guibg=#93a1a1
LightlineRight_normal_0_1 xxx ctermfg=14 ctermbg=11 guifg=#93a1a1 guibg=#657b83
LightlineRight_normal_0_tabsel xxx ctermfg=14 ctermbg=14 guifg=#93a1a1 guibg=#93a1a1
LightlineRight_normal_1 xxx ctermfg=8 ctermbg=11 guifg=#002b36 guibg=#657b83
LightlineRight_normal_1_2 xxx ctermfg=11 ctermbg=0 guifg=#657b83 guibg=#073642
LightlineRight_normal_1_tabsel xxx ctermfg=11 ctermbg=14 guifg=#657b83 guibg=#93a1a1
LightlineRight_normal_2 xxx ctermfg=14 ctermbg=0 guifg=#93a1a1 guibg=#073642
LightlineRight_normal_2_3 xxx ctermfg=0 ctermbg=0 guifg=#073642 guibg=#073642
LightlineRight_normal_2_tabsel xxx ctermfg=0 ctermbg=14 guifg=#073642 guibg=#93a1a1
LightlineRight_normal_tabsel xxx ctermfg=8 ctermbg=14 guifg=#002b36 guibg=#93a1a1
LightlineRight_normal_tabsel_0 xxx ctermfg=14 ctermbg=14 guifg=#93a1a1 guibg=#93a1a1
LightlineRight_normal_tabsel_1 xxx ctermfg=14 ctermbg=11 guifg=#93a1a1 guibg=#657b83
LightlineRight_normal_tabsel_2 xxx ctermfg=14 ctermbg=0 guifg=#93a1a1 guibg=#073642
LightlineRight_normal_tabsel_3 xxx ctermfg=14 ctermbg=0 guifg=#93a1a1 guibg=#073642
LightlineRight_normal_tabsel_tabsel xxx ctermfg=14 ctermbg=14 guifg=#93a1a1 guibg=#93a1a1
LightlineMiddle_normal xxx ctermfg=14 ctermbg=0 guifg=#93a1a1 guibg=#073642
LightlineLeft_active_0 xxx links to LightlineLeft_normal_0
LightlineLeft_active_0_1 xxx links to LightlineLeft_normal_0_1
LightlineLeft_active_0_tabsel xxx links to LightlineLeft_normal_0_tabsel
LightlineLeft_active_1 xxx links to LightlineLeft_normal_1
LightlineLeft_active_1_2 xxx links to LightlineLeft_normal_1_2
LightlineLeft_active_1_tabsel xxx links to LightlineLeft_normal_1_tabsel
LightlineLeft_active_tabsel xxx links to LightlineLeft_normal_tabsel
LightlineLeft_active_tabsel_0 xxx links to LightlineLeft_normal_tabsel_0
LightlineLeft_active_tabsel_1 xxx links to LightlineLeft_normal_tabsel_1
LightlineLeft_active_tabsel_2 xxx links to LightlineLeft_normal_tabsel_2
LightlineLeft_active_tabsel_tabsel xxx links to LightlineLeft_normal_tabsel_tabsel
LightlineRight_active_0 xxx links to LightlineRight_normal_0
LightlineRight_active_0_1 xxx links to LightlineRight_normal_0_1
LightlineRight_active_0_tabsel xxx links to LightlineRight_normal_0_tabsel
LightlineRight_active_1 xxx links to LightlineRight_normal_1
LightlineRight_active_1_2 xxx links to LightlineRight_normal_1_2
LightlineRight_active_1_tabsel xxx links to LightlineRight_normal_1_tabsel
LightlineRight_active_2 xxx links to LightlineRight_normal_2
LightlineRight_active_2_3 xxx links to LightlineRight_normal_2_3
LightlineRight_active_2_tabsel xxx links to LightlineRight_normal_2_tabsel
LightlineRight_active_tabsel xxx links to LightlineRight_normal_tabsel
LightlineRight_active_tabsel_0 xxx links to LightlineRight_normal_tabsel_0
LightlineRight_active_tabsel_1 xxx links to LightlineRight_normal_tabsel_1
LightlineRight_active_tabsel_2 xxx links to LightlineRight_normal_tabsel_2
LightlineRight_active_tabsel_3 xxx links to LightlineRight_normal_tabsel_3
LightlineRight_active_tabsel_tabsel xxx links to LightlineRight_normal_tabsel_tabsel
LightlineMiddle_active xxx links to LightlineMiddle_normal
LightlineLeft_inactive_0 xxx ctermfg=12 ctermbg=0 guifg=#839496 guibg=#073642
LightlineLeft_inactive_0_1 xxx ctermfg=0 ctermbg=0 guifg=#073642 guibg=#073642
LightlineLeft_inactive_0_tabsel xxx ctermfg=0 ctermbg=14 guifg=#073642 guibg=#93a1a1
LightlineLeft_inactive_tabsel xxx ctermfg=8 ctermbg=14 guifg=#002b36 guibg=#93a1a1
LightlineLeft_inactive_tabsel_0 xxx ctermfg=14 ctermbg=0 guifg=#93a1a1 guibg=#073642
LightlineLeft_inactive_tabsel_1 xxx ctermfg=14 ctermbg=0 guifg=#93a1a1 guibg=#073642
LightlineLeft_inactive_tabsel_tabsel xxx ctermfg=14 ctermbg=14 guifg=#93a1a1 guibg=#93a1a1
LightlineRight_inactive_0 xxx ctermfg=8 ctermbg=11 guifg=#002b36 guibg=#657b83
LightlineRight_inactive_0_1 xxx ctermfg=11 ctermbg=0 guifg=#657b83 guibg=#073642
LightlineRight_inactive_0_tabsel xxx ctermfg=11 ctermbg=14 guifg=#657b83 guibg=#93a1a1
LightlineRight_inactive_1 xxx ctermfg=12 ctermbg=0 guifg=#839496 guibg=#073642
LightlineRight_inactive_1_2 xxx ctermfg=0 ctermbg=0 guifg=#073642 guibg=#073642
LightlineRight_inactive_1_tabsel xxx ctermfg=0 ctermbg=14 guifg=#073642 guibg=#93a1a1
LightlineRight_inactive_tabsel xxx ctermfg=8 ctermbg=14 guifg=#002b36 guibg=#93a1a1
LightlineRight_inactive_tabsel_0 xxx ctermfg=14 ctermbg=11 guifg=#93a1a1 guibg=#657b83
LightlineRight_inactive_tabsel_1 xxx ctermfg=14 ctermbg=0 guifg=#93a1a1 guibg=#073642
LightlineRight_inactive_tabsel_2 xxx ctermfg=14 ctermbg=0 guifg=#93a1a1 guibg=#073642
LightlineRight_inactive_tabsel_tabsel xxx ctermfg=14 ctermbg=14 guifg=#93a1a1 guibg=#93a1a1
LightlineMiddle_inactive xxx ctermfg=10 ctermbg=0 guifg=#586e75 guibg=#073642
LightlineLeft_insert_0 xxx ctermfg=8 ctermbg=2 guifg=#002b36 guibg=#859900
LightlineLeft_insert_0_1 xxx ctermfg=2 ctermbg=11 guifg=#859900 guibg=#657b83
LightlineLeft_insert_0_tabsel xxx ctermfg=2 ctermbg=14 guifg=#859900 guibg=#93a1a1
LightlineLeft_insert_1 xxx ctermfg=8 ctermbg=11 guifg=#002b36 guibg=#657b83
LightlineLeft_insert_1_2 xxx ctermfg=11 ctermbg=0 guifg=#657b83 guibg=#073642
LightlineLeft_insert_1_tabsel xxx ctermfg=11 ctermbg=14 guifg=#657b83 guibg=#93a1a1
LightlineLeft_insert_tabsel xxx ctermfg=8 ctermbg=14 guifg=#002b36 guibg=#93a1a1
LightlineLeft_insert_tabsel_0 xxx ctermfg=14 ctermbg=2 guifg=#93a1a1 guibg=#859900
LightlineLeft_insert_tabsel_1 xxx ctermfg=14 ctermbg=11 guifg=#93a1a1 guibg=#657b83
LightlineLeft_insert_tabsel_2 xxx ctermfg=14 ctermbg=0 guifg=#93a1a1 guibg=#073642
LightlineLeft_insert_tabsel_tabsel xxx ctermfg=14 ctermbg=14 guifg=#93a1a1 guibg=#93a1a1
LightlineRight_insert_0 xxx ctermfg=8 ctermbg=14 guifg=#002b36 guibg=#93a1a1
LightlineRight_insert_0_1 xxx ctermfg=14 ctermbg=11 guifg=#93a1a1 guibg=#657b83
LightlineRight_insert_0_tabsel xxx ctermfg=14 ctermbg=14 guifg=#93a1a1 guibg=#93a1a1
LightlineRight_insert_1 xxx ctermfg=8 ctermbg=11 guifg=#002b36 guibg=#657b83
LightlineRight_insert_1_2 xxx ctermfg=11 ctermbg=0 guifg=#657b83 guibg=#073642
LightlineRight_insert_1_tabsel xxx ctermfg=11 ctermbg=14 guifg=#657b83 guibg=#93a1a1
LightlineRight_insert_2 xxx ctermfg=14 ctermbg=0 guifg=#93a1a1 guibg=#073642
LightlineRight_insert_2_3 xxx ctermfg=0 ctermbg=0 guifg=#073642 guibg=#073642
LightlineRight_insert_2_tabsel xxx ctermfg=0 ctermbg=14 guifg=#073642 guibg=#93a1a1
LightlineRight_insert_tabsel xxx ctermfg=8 ctermbg=14 guifg=#002b36 guibg=#93a1a1
LightlineRight_insert_tabsel_0 xxx ctermfg=14 ctermbg=14 guifg=#93a1a1 guibg=#93a1a1
LightlineRight_insert_tabsel_1 xxx ctermfg=14 ctermbg=11 guifg=#93a1a1 guibg=#657b83
LightlineRight_insert_tabsel_2 xxx ctermfg=14 ctermbg=0 guifg=#93a1a1 guibg=#073642
LightlineRight_insert_tabsel_3 xxx ctermfg=14 ctermbg=0 guifg=#93a1a1 guibg=#073642
LightlineRight_insert_tabsel_tabsel xxx ctermfg=14 ctermbg=14 guifg=#93a1a1 guibg=#93a1a1
LightlineMiddle_insert xxx ctermfg=14 ctermbg=0 guifg=#93a1a1 guibg=#073642
fg_0           xxx ctermfg=0 guifg=#000000
bg_0           xxx ctermfg=0 ctermbg=0 guifg=#000000 guibg=#000000
fg_1           xxx ctermfg=1 guifg=#800000
bg_1           xxx ctermfg=1 ctermbg=1 guifg=#800000 guibg=#800000
fg_2           xxx ctermfg=2 guifg=#008000
bg_2           xxx ctermfg=2 ctermbg=2 guifg=#008000 guibg=#008000
fg_3           xxx ctermfg=3 guifg=#808000
bg_3           xxx ctermfg=3 ctermbg=3 guifg=#808000 guibg=#808000
fg_4           xxx ctermfg=4 guifg=#000080
bg_4           xxx ctermfg=4 ctermbg=4 guifg=#000080 guibg=#000080
fg_5           xxx ctermfg=5 guifg=#800080
bg_5           xxx ctermfg=5 ctermbg=5 guifg=#800080 guibg=#800080
fg_6           xxx ctermfg=6 guifg=#008080
bg_6           xxx ctermfg=6 ctermbg=6 guifg=#008080 guibg=#008080
fg_7           xxx ctermfg=7 guifg=#c0c0c0
bg_7           xxx ctermfg=7 ctermbg=7 guifg=#c0c0c0 guibg=#c0c0c0
fg_8           xxx ctermfg=8 guifg=#808080
bg_8           xxx ctermfg=8 ctermbg=8 guifg=#808080 guibg=#808080
fg_9           xxx ctermfg=9 guifg=#ff0000
bg_9           xxx ctermfg=9 ctermbg=9 guifg=#ff0000 guibg=#ff0000
fg_10          xxx ctermfg=10 guifg=#00ff00
bg_10          xxx ctermfg=10 ctermbg=10 guifg=#00ff00 guibg=#00ff00
fg_11          xxx ctermfg=11 guifg=#ffff00
bg_11          xxx ctermfg=11 ctermbg=11 guifg=#ffff00 guibg=#ffff00
fg_12          xxx ctermfg=12 guifg=#0000ff
bg_12          xxx ctermfg=12 ctermbg=12 guifg=#0000ff guibg=#0000ff
fg_13          xxx ctermfg=13 guifg=#ff00ff
bg_13          xxx ctermfg=13 ctermbg=13 guifg=#ff00ff guibg=#ff00ff
fg_14          xxx ctermfg=14 guifg=#00ffff
bg_14          xxx ctermfg=14 ctermbg=14 guifg=#00ffff guibg=#00ffff
fg_15          xxx ctermfg=15 guifg=#ffffff
bg_15          xxx ctermfg=15 ctermbg=15 guifg=#ffffff guibg=#ffffff
fg_16          xxx ctermfg=16 guifg=#000000
bg_16          xxx ctermfg=16 ctermbg=16 guifg=#000000 guibg=#000000
fg_17          xxx ctermfg=17 guifg=#00005f
bg_17          xxx ctermfg=17 ctermbg=17 guifg=#00005f guibg=#00005f
fg_18          xxx ctermfg=18 guifg=#000087
bg_18          xxx ctermfg=18 ctermbg=18 guifg=#000087 guibg=#000087
fg_19          xxx ctermfg=19 guifg=#0000af
bg_19          xxx ctermfg=19 ctermbg=19 guifg=#0000af guibg=#0000af
fg_20          xxx ctermfg=20 guifg=#0000df
bg_20          xxx ctermfg=20 ctermbg=20 guifg=#0000df guibg=#0000df
fg_21          xxx ctermfg=21 guifg=#0000ff
bg_21          xxx ctermfg=21 ctermbg=21 guifg=#0000ff guibg=#0000ff
fg_22          xxx ctermfg=22 guifg=#005f00
bg_22          xxx ctermfg=22 ctermbg=22 guifg=#005f00 guibg=#005f00
fg_23          xxx ctermfg=23 guifg=#005f5f
bg_23          xxx ctermfg=23 ctermbg=23 guifg=#005f5f guibg=#005f5f
fg_24          xxx ctermfg=24 guifg=#005f87
bg_24          xxx ctermfg=24 ctermbg=24 guifg=#005f87 guibg=#005f87
fg_25          xxx ctermfg=25 guifg=#005faf
bg_25          xxx ctermfg=25 ctermbg=25 guifg=#005faf guibg=#005faf
fg_26          xxx ctermfg=26 guifg=#005fdf
bg_26          xxx ctermfg=26 ctermbg=26 guifg=#005fdf guibg=#005fdf
fg_27          xxx ctermfg=27 guifg=#005fff
bg_27          xxx ctermfg=27 ctermbg=27 guifg=#005fff guibg=#005fff
fg_28          xxx ctermfg=28 guifg=#008700
bg_28          xxx ctermfg=28 ctermbg=28 guifg=#008700 guibg=#008700
fg_29          xxx ctermfg=29 guifg=#00875f
bg_29          xxx ctermfg=29 ctermbg=29 guifg=#00875f guibg=#00875f
fg_30          xxx ctermfg=30 guifg=#008787
bg_30          xxx ctermfg=30 ctermbg=30 guifg=#008787 guibg=#008787
fg_31          xxx ctermfg=31 guifg=#0087af
bg_31          xxx ctermfg=31 ctermbg=31 guifg=#0087af guibg=#0087af
fg_32          xxx ctermfg=32 guifg=#0087df
bg_32          xxx ctermfg=32 ctermbg=32 guifg=#0087df guibg=#0087df
fg_33          xxx ctermfg=33 guifg=#0087ff
bg_33          xxx ctermfg=33 ctermbg=33 guifg=#0087ff guibg=#0087ff
fg_34          xxx ctermfg=34 guifg=#00af00
bg_34          xxx ctermfg=34 ctermbg=34 guifg=#00af00 guibg=#00af00
fg_35          xxx ctermfg=35 guifg=#00af5f
bg_35          xxx ctermfg=35 ctermbg=35 guifg=#00af5f guibg=#00af5f
fg_36          xxx ctermfg=36 guifg=#00af87
bg_36          xxx ctermfg=36 ctermbg=36 guifg=#00af87 guibg=#00af87
fg_37          xxx ctermfg=37 guifg=#00afaf
bg_37          xxx ctermfg=37 ctermbg=37 guifg=#00afaf guibg=#00afaf
fg_38          xxx ctermfg=38 guifg=#00afdf
bg_38          xxx ctermfg=38 ctermbg=38 guifg=#00afdf guibg=#00afdf
fg_39          xxx ctermfg=39 guifg=#00afff
bg_39          xxx ctermfg=39 ctermbg=39 guifg=#00afff guibg=#00afff
fg_40          xxx ctermfg=40 guifg=#00df00
bg_40          xxx ctermfg=40 ctermbg=40 guifg=#00df00 guibg=#00df00
fg_41          xxx ctermfg=41 guifg=#00df5f
bg_41          xxx ctermfg=41 ctermbg=41 guifg=#00df5f guibg=#00df5f
fg_42          xxx ctermfg=42 guifg=#00df87
bg_42          xxx ctermfg=42 ctermbg=42 guifg=#00df87 guibg=#00df87
fg_43          xxx ctermfg=43 guifg=#00dfaf
bg_43          xxx ctermfg=43 ctermbg=43 guifg=#00dfaf guibg=#00dfaf
fg_44          xxx ctermfg=44 guifg=#00dfdf
bg_44          xxx ctermfg=44 ctermbg=44 guifg=#00dfdf guibg=#00dfdf
fg_45          xxx ctermfg=45 guifg=#00dfff
bg_45          xxx ctermfg=45 ctermbg=45 guifg=#00dfff guibg=#00dfff
fg_46          xxx ctermfg=46 guifg=#00ff00
bg_46          xxx ctermfg=46 ctermbg=46 guifg=#00ff00 guibg=#00ff00
fg_47          xxx ctermfg=47 guifg=#00ff5f
bg_47          xxx ctermfg=47 ctermbg=47 guifg=#00ff5f guibg=#00ff5f
fg_48          xxx ctermfg=48 guifg=#00ff87
bg_48          xxx ctermfg=48 ctermbg=48 guifg=#00ff87 guibg=#00ff87
fg_49          xxx ctermfg=49 guifg=#00ffaf
bg_49          xxx ctermfg=49 ctermbg=49 guifg=#00ffaf guibg=#00ffaf
fg_50          xxx ctermfg=50 guifg=#00ffdf
bg_50          xxx ctermfg=50 ctermbg=50 guifg=#00ffdf guibg=#00ffdf
fg_51          xxx ctermfg=51 guifg=#00ffff
bg_51          xxx ctermfg=51 ctermbg=51 guifg=#00ffff guibg=#00ffff
fg_52          xxx ctermfg=52 guifg=#5f0000
bg_52          xxx ctermfg=52 ctermbg=52 guifg=#5f0000 guibg=#5f0000
fg_53          xxx ctermfg=53 guifg=#5f005f
bg_53          xxx ctermfg=53 ctermbg=53 guifg=#5f005f guibg=#5f005f
fg_54          xxx ctermfg=54 guifg=#5f0087
bg_54          xxx ctermfg=54 ctermbg=54 guifg=#5f0087 guibg=#5f0087
fg_55          xxx ctermfg=55 guifg=#5f00af
bg_55          xxx ctermfg=55 ctermbg=55 guifg=#5f00af guibg=#5f00af
fg_56          xxx ctermfg=56 guifg=#5f00df
bg_56          xxx ctermfg=56 ctermbg=56 guifg=#5f00df guibg=#5f00df
fg_57          xxx ctermfg=57 guifg=#5f00ff
bg_57          xxx ctermfg=57 ctermbg=57 guifg=#5f00ff guibg=#5f00ff
fg_58          xxx ctermfg=58 guifg=#5f5f00
bg_58          xxx ctermfg=58 ctermbg=58 guifg=#5f5f00 guibg=#5f5f00
fg_59          xxx ctermfg=59 guifg=#5f5f5f
bg_59          xxx ctermfg=59 ctermbg=59 guifg=#5f5f5f guibg=#5f5f5f
fg_60          xxx ctermfg=60 guifg=#5f5f87
bg_60          xxx ctermfg=60 ctermbg=60 guifg=#5f5f87 guibg=#5f5f87
fg_61          xxx ctermfg=61 guifg=#5f5faf
bg_61          xxx ctermfg=61 ctermbg=61 guifg=#5f5faf guibg=#5f5faf
fg_62          xxx ctermfg=62 guifg=#5f5fdf
bg_62          xxx ctermfg=62 ctermbg=62 guifg=#5f5fdf guibg=#5f5fdf
fg_63          xxx ctermfg=63 guifg=#5f5fff
bg_63          xxx ctermfg=63 ctermbg=63 guifg=#5f5fff guibg=#5f5fff
fg_64          xxx ctermfg=64 guifg=#5f8700
bg_64          xxx ctermfg=64 ctermbg=64 guifg=#5f8700 guibg=#5f8700
fg_65          xxx ctermfg=65 guifg=#5f875f
bg_65          xxx ctermfg=65 ctermbg=65 guifg=#5f875f guibg=#5f875f
fg_66          xxx ctermfg=66 guifg=#5f8787
bg_66          xxx ctermfg=66 ctermbg=66 guifg=#5f8787 guibg=#5f8787
fg_67          xxx ctermfg=67 guifg=#5f87af
bg_67          xxx ctermfg=67 ctermbg=67 guifg=#5f87af guibg=#5f87af
fg_68          xxx ctermfg=68 guifg=#5f87df
bg_68          xxx ctermfg=68 ctermbg=68 guifg=#5f87df guibg=#5f87df
fg_69          xxx ctermfg=69 guifg=#5f87ff
bg_69          xxx ctermfg=69 ctermbg=69 guifg=#5f87ff guibg=#5f87ff
fg_70          xxx ctermfg=70 guifg=#5faf00
bg_70          xxx ctermfg=70 ctermbg=70 guifg=#5faf00 guibg=#5faf00
fg_71          xxx ctermfg=71 guifg=#5faf5f
bg_71          xxx ctermfg=71 ctermbg=71 guifg=#5faf5f guibg=#5faf5f
fg_72          xxx ctermfg=72 guifg=#5faf87
bg_72          xxx ctermfg=72 ctermbg=72 guifg=#5faf87 guibg=#5faf87
fg_73          xxx ctermfg=73 guifg=#5fafaf
bg_73          xxx ctermfg=73 ctermbg=73 guifg=#5fafaf guibg=#5fafaf
fg_74          xxx ctermfg=74 guifg=#5fafdf
bg_74          xxx ctermfg=74 ctermbg=74 guifg=#5fafdf guibg=#5fafdf
fg_75          xxx ctermfg=75 guifg=#5fafff
bg_75          xxx ctermfg=75 ctermbg=75 guifg=#5fafff guibg=#5fafff
fg_76          xxx ctermfg=76 guifg=#5fdf00
bg_76          xxx ctermfg=76 ctermbg=76 guifg=#5fdf00 guibg=#5fdf00
fg_77          xxx ctermfg=77 guifg=#5fdf5f
bg_77          xxx ctermfg=77 ctermbg=77 guifg=#5fdf5f guibg=#5fdf5f
fg_78          xxx ctermfg=78 guifg=#5fdf87
bg_78          xxx ctermfg=78 ctermbg=78 guifg=#5fdf87 guibg=#5fdf87
fg_79          xxx ctermfg=79 guifg=#5fdfaf
bg_79          xxx ctermfg=79 ctermbg=79 guifg=#5fdfaf guibg=#5fdfaf
fg_80          xxx ctermfg=80 guifg=#5fdfdf
bg_80          xxx ctermfg=80 ctermbg=80 guifg=#5fdfdf guibg=#5fdfdf
fg_81          xxx ctermfg=81 guifg=#5fdfff
bg_81          xxx ctermfg=81 ctermbg=81 guifg=#5fdfff guibg=#5fdfff
fg_82          xxx ctermfg=82 guifg=#5fff00
bg_82          xxx ctermfg=82 ctermbg=82 guifg=#5fff00 guibg=#5fff00
fg_83          xxx ctermfg=83 guifg=#5fff5f
bg_83          xxx ctermfg=83 ctermbg=83 guifg=#5fff5f guibg=#5fff5f
fg_84          xxx ctermfg=84 guifg=#5fff87
bg_84          xxx ctermfg=84 ctermbg=84 guifg=#5fff87 guibg=#5fff87
fg_85          xxx ctermfg=85 guifg=#5fffaf
bg_85          xxx ctermfg=85 ctermbg=85 guifg=#5fffaf guibg=#5fffaf
fg_86          xxx ctermfg=86 guifg=#5fffdf
bg_86          xxx ctermfg=86 ctermbg=86 guifg=#5fffdf guibg=#5fffdf
fg_87          xxx ctermfg=87 guifg=#5fffff
bg_87          xxx ctermfg=87 ctermbg=87 guifg=#5fffff guibg=#5fffff
fg_88          xxx ctermfg=88 guifg=#870000
bg_88          xxx ctermfg=88 ctermbg=88 guifg=#870000 guibg=#870000
fg_89          xxx ctermfg=89 guifg=#87005f
bg_89          xxx ctermfg=89 ctermbg=89 guifg=#87005f guibg=#87005f
fg_90          xxx ctermfg=90 guifg=#870087
bg_90          xxx ctermfg=90 ctermbg=90 guifg=#870087 guibg=#870087
fg_91          xxx ctermfg=91 guifg=#8700af
bg_91          xxx ctermfg=91 ctermbg=91 guifg=#8700af guibg=#8700af
fg_92          xxx ctermfg=92 guifg=#8700df
bg_92          xxx ctermfg=92 ctermbg=92 guifg=#8700df guibg=#8700df
fg_93          xxx ctermfg=93 guifg=#8700ff
bg_93          xxx ctermfg=93 ctermbg=93 guifg=#8700ff guibg=#8700ff
fg_94          xxx ctermfg=94 guifg=#875f00
bg_94          xxx ctermfg=94 ctermbg=94 guifg=#875f00 guibg=#875f00
fg_95          xxx ctermfg=95 guifg=#875f5f
bg_95          xxx ctermfg=95 ctermbg=95 guifg=#875f5f guibg=#875f5f
fg_96          xxx ctermfg=96 guifg=#875f87
bg_96          xxx ctermfg=96 ctermbg=96 guifg=#875f87 guibg=#875f87
fg_97          xxx ctermfg=97 guifg=#875faf
bg_97          xxx ctermfg=97 ctermbg=97 guifg=#875faf guibg=#875faf
fg_98          xxx ctermfg=98 guifg=#875fdf
bg_98          xxx ctermfg=98 ctermbg=98 guifg=#875fdf guibg=#875fdf
fg_99          xxx ctermfg=99 guifg=#875fff
bg_99          xxx ctermfg=99 ctermbg=99 guifg=#875fff guibg=#875fff
fg_100         xxx ctermfg=100 guifg=#878700
bg_100         xxx ctermfg=100 ctermbg=100 guifg=#878700 guibg=#878700
fg_101         xxx ctermfg=101 guifg=#87875f
bg_101         xxx ctermfg=101 ctermbg=101 guifg=#87875f guibg=#87875f
fg_102         xxx ctermfg=102 guifg=#878787
bg_102         xxx ctermfg=102 ctermbg=102 guifg=#878787 guibg=#878787
fg_103         xxx ctermfg=103 guifg=#8787af
bg_103         xxx ctermfg=103 ctermbg=103 guifg=#8787af guibg=#8787af
fg_104         xxx ctermfg=104 guifg=#8787df
bg_104         xxx ctermfg=104 ctermbg=104 guifg=#8787df guibg=#8787df
fg_105         xxx ctermfg=105 guifg=#8787ff
bg_105         xxx ctermfg=105 ctermbg=105 guifg=#8787ff guibg=#8787ff
fg_106         xxx ctermfg=106 guifg=#87af00
bg_106         xxx ctermfg=106 ctermbg=106 guifg=#87af00 guibg=#87af00
fg_107         xxx ctermfg=107 guifg=#87af5f
bg_107         xxx ctermfg=107 ctermbg=107 guifg=#87af5f guibg=#87af5f
fg_108         xxx ctermfg=108 guifg=#87af87
bg_108         xxx ctermfg=108 ctermbg=108 guifg=#87af87 guibg=#87af87
fg_109         xxx ctermfg=109 guifg=#87afaf
bg_109         xxx ctermfg=109 ctermbg=109 guifg=#87afaf guibg=#87afaf
fg_110         xxx ctermfg=110 guifg=#87afdf
bg_110         xxx ctermfg=110 ctermbg=110 guifg=#87afdf guibg=#87afdf
fg_111         xxx ctermfg=111 guifg=#87afff
bg_111         xxx ctermfg=111 ctermbg=111 guifg=#87afff guibg=#87afff
fg_112         xxx ctermfg=112 guifg=#87df00
bg_112         xxx ctermfg=112 ctermbg=112 guifg=#87df00 guibg=#87df00
fg_113         xxx ctermfg=113 guifg=#87df5f
bg_113         xxx ctermfg=113 ctermbg=113 guifg=#87df5f guibg=#87df5f
fg_114         xxx ctermfg=114 guifg=#87df87
bg_114         xxx ctermfg=114 ctermbg=114 guifg=#87df87 guibg=#87df87
fg_115         xxx ctermfg=115 guifg=#87dfaf
bg_115         xxx ctermfg=115 ctermbg=115 guifg=#87dfaf guibg=#87dfaf
fg_116         xxx ctermfg=116 guifg=#87dfdf
bg_116         xxx ctermfg=116 ctermbg=116 guifg=#87dfdf guibg=#87dfdf
fg_117         xxx ctermfg=117 guifg=#87dfff
bg_117         xxx ctermfg=117 ctermbg=117 guifg=#87dfff guibg=#87dfff
fg_118         xxx ctermfg=118 guifg=#87ff00
bg_118         xxx ctermfg=118 ctermbg=118 guifg=#87ff00 guibg=#87ff00
fg_119         xxx ctermfg=119 guifg=#87ff5f
bg_119         xxx ctermfg=119 ctermbg=119 guifg=#87ff5f guibg=#87ff5f
fg_120         xxx ctermfg=120 guifg=#87ff87
bg_120         xxx ctermfg=120 ctermbg=120 guifg=#87ff87 guibg=#87ff87
fg_121         xxx ctermfg=121 guifg=#87ffaf
bg_121         xxx ctermfg=121 ctermbg=121 guifg=#87ffaf guibg=#87ffaf
fg_122         xxx ctermfg=122 guifg=#87ffdf
bg_122         xxx ctermfg=122 ctermbg=122 guifg=#87ffdf guibg=#87ffdf
fg_123         xxx ctermfg=123 guifg=#87ffff
bg_123         xxx ctermfg=123 ctermbg=123 guifg=#87ffff guibg=#87ffff
fg_124         xxx ctermfg=124 guifg=#af0000
bg_124         xxx ctermfg=124 ctermbg=124 guifg=#af0000 guibg=#af0000
fg_125         xxx ctermfg=125 guifg=#af005f
bg_125         xxx ctermfg=125 ctermbg=125 guifg=#af005f guibg=#af005f
fg_126         xxx ctermfg=126 guifg=#af0087
bg_126         xxx ctermfg=126 ctermbg=126 guifg=#af0087 guibg=#af0087
fg_127         xxx ctermfg=127 guifg=#af00af
bg_127         xxx ctermfg=127 ctermbg=127 guifg=#af00af guibg=#af00af
fg_128         xxx ctermfg=128 guifg=#af00df
bg_128         xxx ctermfg=128 ctermbg=128 guifg=#af00df guibg=#af00df
fg_129         xxx ctermfg=129 guifg=#af00ff
bg_129         xxx ctermfg=129 ctermbg=129 guifg=#af00ff guibg=#af00ff
fg_130         xxx ctermfg=130 guifg=#af5f00
bg_130         xxx ctermfg=130 ctermbg=130 guifg=#af5f00 guibg=#af5f00
fg_131         xxx ctermfg=131 guifg=#af5f5f
bg_131         xxx ctermfg=131 ctermbg=131 guifg=#af5f5f guibg=#af5f5f
fg_132         xxx ctermfg=132 guifg=#af5f87
bg_132         xxx ctermfg=132 ctermbg=132 guifg=#af5f87 guibg=#af5f87
fg_133         xxx ctermfg=133 guifg=#af5faf
bg_133         xxx ctermfg=133 ctermbg=133 guifg=#af5faf guibg=#af5faf
fg_134         xxx ctermfg=134 guifg=#af5fdf
bg_134         xxx ctermfg=134 ctermbg=134 guifg=#af5fdf guibg=#af5fdf
fg_135         xxx ctermfg=135 guifg=#af5fff
bg_135         xxx ctermfg=135 ctermbg=135 guifg=#af5fff guibg=#af5fff
fg_136         xxx ctermfg=136 guifg=#af8700
bg_136         xxx ctermfg=136 ctermbg=136 guifg=#af8700 guibg=#af8700
fg_137         xxx ctermfg=137 guifg=#af875f
bg_137         xxx ctermfg=137 ctermbg=137 guifg=#af875f guibg=#af875f
fg_138         xxx ctermfg=138 guifg=#af8787
bg_138         xxx ctermfg=138 ctermbg=138 guifg=#af8787 guibg=#af8787
fg_139         xxx ctermfg=139 guifg=#af87af
bg_139         xxx ctermfg=139 ctermbg=139 guifg=#af87af guibg=#af87af
fg_140         xxx ctermfg=140 guifg=#af87df
bg_140         xxx ctermfg=140 ctermbg=140 guifg=#af87df guibg=#af87df
fg_141         xxx ctermfg=141 guifg=#af87ff
bg_141         xxx ctermfg=141 ctermbg=141 guifg=#af87ff guibg=#af87ff
fg_142         xxx ctermfg=142 guifg=#afaf00
bg_142         xxx ctermfg=142 ctermbg=142 guifg=#afaf00 guibg=#afaf00
fg_143         xxx ctermfg=143 guifg=#afaf5f
bg_143         xxx ctermfg=143 ctermbg=143 guifg=#afaf5f guibg=#afaf5f
fg_144         xxx ctermfg=144 guifg=#afaf87
bg_144         xxx ctermfg=144 ctermbg=144 guifg=#afaf87 guibg=#afaf87
fg_145         xxx ctermfg=145 guifg=#afafaf
bg_145         xxx ctermfg=145 ctermbg=145 guifg=#afafaf guibg=#afafaf
fg_146         xxx ctermfg=146 guifg=#afafdf
bg_146         xxx ctermfg=146 ctermbg=146 guifg=#afafdf guibg=#afafdf
fg_147         xxx ctermfg=147 guifg=#afafff
bg_147         xxx ctermfg=147 ctermbg=147 guifg=#afafff guibg=#afafff
fg_148         xxx ctermfg=148 guifg=#afdf00
bg_148         xxx ctermfg=148 ctermbg=148 guifg=#afdf00 guibg=#afdf00
fg_149         xxx ctermfg=149 guifg=#afdf5f
bg_149         xxx ctermfg=149 ctermbg=149 guifg=#afdf5f guibg=#afdf5f
fg_150         xxx ctermfg=150 guifg=#afdf87
bg_150         xxx ctermfg=150 ctermbg=150 guifg=#afdf87 guibg=#afdf87
fg_151         xxx ctermfg=151 guifg=#afdfaf
bg_151         xxx ctermfg=151 ctermbg=151 guifg=#afdfaf guibg=#afdfaf
fg_152         xxx ctermfg=152 guifg=#afdfdf
bg_152         xxx ctermfg=152 ctermbg=152 guifg=#afdfdf guibg=#afdfdf
fg_153         xxx ctermfg=153 guifg=#afdfff
bg_153         xxx ctermfg=153 ctermbg=153 guifg=#afdfff guibg=#afdfff
fg_154         xxx ctermfg=154 guifg=#afff00
bg_154         xxx ctermfg=154 ctermbg=154 guifg=#afff00 guibg=#afff00
fg_155         xxx ctermfg=155 guifg=#afff5f
bg_155         xxx ctermfg=155 ctermbg=155 guifg=#afff5f guibg=#afff5f
fg_156         xxx ctermfg=156 guifg=#afff87
bg_156         xxx ctermfg=156 ctermbg=156 guifg=#afff87 guibg=#afff87
fg_157         xxx ctermfg=157 guifg=#afffaf
bg_157         xxx ctermfg=157 ctermbg=157 guifg=#afffaf guibg=#afffaf
fg_158         xxx ctermfg=158 guifg=#afffdf
bg_158         xxx ctermfg=158 ctermbg=158 guifg=#afffdf guibg=#afffdf
fg_159         xxx ctermfg=159 guifg=#afffff
bg_159         xxx ctermfg=159 ctermbg=159 guifg=#afffff guibg=#afffff
fg_160         xxx ctermfg=160 guifg=#df0000
bg_160         xxx ctermfg=160 ctermbg=160 guifg=#df0000 guibg=#df0000
fg_161         xxx ctermfg=161 guifg=#df005f
bg_161         xxx ctermfg=161 ctermbg=161 guifg=#df005f guibg=#df005f
fg_162         xxx ctermfg=162 guifg=#df0087
bg_162         xxx ctermfg=162 ctermbg=162 guifg=#df0087 guibg=#df0087
fg_163         xxx ctermfg=163 guifg=#df00af
bg_163         xxx ctermfg=163 ctermbg=163 guifg=#df00af guibg=#df00af
fg_164         xxx ctermfg=164 guifg=#df00df
bg_164         xxx ctermfg=164 ctermbg=164 guifg=#df00df guibg=#df00df
fg_165         xxx ctermfg=165 guifg=#df00ff
bg_165         xxx ctermfg=165 ctermbg=165 guifg=#df00ff guibg=#df00ff
fg_166         xxx ctermfg=166 guifg=#df5f00
bg_166         xxx ctermfg=166 ctermbg=166 guifg=#df5f00 guibg=#df5f00
fg_167         xxx ctermfg=167 guifg=#df5f5f
bg_167         xxx ctermfg=167 ctermbg=167 guifg=#df5f5f guibg=#df5f5f
fg_168         xxx ctermfg=168 guifg=#df5f87
bg_168         xxx ctermfg=168 ctermbg=168 guifg=#df5f87 guibg=#df5f87
fg_169         xxx ctermfg=169 guifg=#df5faf
bg_169         xxx ctermfg=169 ctermbg=169 guifg=#df5faf guibg=#df5faf
fg_170         xxx ctermfg=170 guifg=#df5fdf
bg_170         xxx ctermfg=170 ctermbg=170 guifg=#df5fdf guibg=#df5fdf
fg_171         xxx ctermfg=171 guifg=#df5fff
bg_171         xxx ctermfg=171 ctermbg=171 guifg=#df5fff guibg=#df5fff
fg_172         xxx ctermfg=172 guifg=#df8700
bg_172         xxx ctermfg=172 ctermbg=172 guifg=#df8700 guibg=#df8700
fg_173         xxx ctermfg=173 guifg=#df875f
bg_173         xxx ctermfg=173 ctermbg=173 guifg=#df875f guibg=#df875f
fg_174         xxx ctermfg=174 guifg=#df8787
bg_174         xxx ctermfg=174 ctermbg=174 guifg=#df8787 guibg=#df8787
fg_175         xxx ctermfg=175 guifg=#df87af
bg_175         xxx ctermfg=175 ctermbg=175 guifg=#df87af guibg=#df87af
fg_176         xxx ctermfg=176 guifg=#df87df
bg_176         xxx ctermfg=176 ctermbg=176 guifg=#df87df guibg=#df87df
fg_177         xxx ctermfg=177 guifg=#df87ff
bg_177         xxx ctermfg=177 ctermbg=177 guifg=#df87ff guibg=#df87ff
fg_178         xxx ctermfg=178 guifg=#dfaf00
bg_178         xxx ctermfg=178 ctermbg=178 guifg=#dfaf00 guibg=#dfaf00
fg_179         xxx ctermfg=179 guifg=#dfaf5f
bg_179         xxx ctermfg=179 ctermbg=179 guifg=#dfaf5f guibg=#dfaf5f
fg_180         xxx ctermfg=180 guifg=#dfaf87
bg_180         xxx ctermfg=180 ctermbg=180 guifg=#dfaf87 guibg=#dfaf87
fg_181         xxx ctermfg=181 guifg=#dfafaf
bg_181         xxx ctermfg=181 ctermbg=181 guifg=#dfafaf guibg=#dfafaf
fg_182         xxx ctermfg=182 guifg=#dfafdf
bg_182         xxx ctermfg=182 ctermbg=182 guifg=#dfafdf guibg=#dfafdf
fg_183         xxx ctermfg=183 guifg=#dfafff
bg_183         xxx ctermfg=183 ctermbg=183 guifg=#dfafff guibg=#dfafff
fg_184         xxx ctermfg=184 guifg=#dfdf00
bg_184         xxx ctermfg=184 ctermbg=184 guifg=#dfdf00 guibg=#dfdf00
fg_185         xxx ctermfg=185 guifg=#dfdf5f
bg_185         xxx ctermfg=185 ctermbg=185 guifg=#dfdf5f guibg=#dfdf5f
fg_186         xxx ctermfg=186 guifg=#dfdf87
bg_186         xxx ctermfg=186 ctermbg=186 guifg=#dfdf87 guibg=#dfdf87
fg_187         xxx ctermfg=187 guifg=#dfdfaf
bg_187         xxx ctermfg=187 ctermbg=187 guifg=#dfdfaf guibg=#dfdfaf
fg_188         xxx ctermfg=188 guifg=#dfdfdf
bg_188         xxx ctermfg=188 ctermbg=188 guifg=#dfdfdf guibg=#dfdfdf
fg_189         xxx ctermfg=189 guifg=#dfdfff
bg_189         xxx ctermfg=189 ctermbg=189 guifg=#dfdfff guibg=#dfdfff
fg_190         xxx ctermfg=190 guifg=#dfff00
bg_190         xxx ctermfg=190 ctermbg=190 guifg=#dfff00 guibg=#dfff00
fg_191         xxx ctermfg=191 guifg=#dfff5f
bg_191         xxx ctermfg=191 ctermbg=191 guifg=#dfff5f guibg=#dfff5f
fg_192         xxx ctermfg=192 guifg=#dfff87
bg_192         xxx ctermfg=192 ctermbg=192 guifg=#dfff87 guibg=#dfff87
fg_193         xxx ctermfg=193 guifg=#dfffaf
bg_193         xxx ctermfg=193 ctermbg=193 guifg=#dfffaf guibg=#dfffaf
fg_194         xxx ctermfg=194 guifg=#dfffdf
bg_194         xxx ctermfg=194 ctermbg=194 guifg=#dfffdf guibg=#dfffdf
fg_195         xxx ctermfg=195 guifg=#dfffff
bg_195         xxx ctermfg=195 ctermbg=195 guifg=#dfffff guibg=#dfffff
fg_196         xxx ctermfg=196 guifg=#ff0000
bg_196         xxx ctermfg=196 ctermbg=196 guifg=#ff0000 guibg=#ff0000
fg_197         xxx ctermfg=197 guifg=#ff005f
bg_197         xxx ctermfg=197 ctermbg=197 guifg=#ff005f guibg=#ff005f
fg_198         xxx ctermfg=198 guifg=#ff0087
bg_198         xxx ctermfg=198 ctermbg=198 guifg=#ff0087 guibg=#ff0087
fg_199         xxx ctermfg=199 guifg=#ff00af
bg_199         xxx ctermfg=199 ctermbg=199 guifg=#ff00af guibg=#ff00af
fg_200         xxx ctermfg=200 guifg=#ff00df
bg_200         xxx ctermfg=200 ctermbg=200 guifg=#ff00df guibg=#ff00df
fg_201         xxx ctermfg=201 guifg=#ff00ff
bg_201         xxx ctermfg=201 ctermbg=201 guifg=#ff00ff guibg=#ff00ff
fg_202         xxx ctermfg=202 guifg=#ff5f00
bg_202         xxx ctermfg=202 ctermbg=202 guifg=#ff5f00 guibg=#ff5f00
fg_203         xxx ctermfg=203 guifg=#ff5f5f
bg_203         xxx ctermfg=203 ctermbg=203 guifg=#ff5f5f guibg=#ff5f5f
fg_204         xxx ctermfg=204 guifg=#ff5f87
bg_204         xxx ctermfg=204 ctermbg=204 guifg=#ff5f87 guibg=#ff5f87
fg_205         xxx ctermfg=205 guifg=#ff5faf
bg_205         xxx ctermfg=205 ctermbg=205 guifg=#ff5faf guibg=#ff5faf
fg_206         xxx ctermfg=206 guifg=#ff5fdf
bg_206         xxx ctermfg=206 ctermbg=206 guifg=#ff5fdf guibg=#ff5fdf
fg_207         xxx ctermfg=207 guifg=#ff5fff
bg_207         xxx ctermfg=207 ctermbg=207 guifg=#ff5fff guibg=#ff5fff
fg_208         xxx ctermfg=208 guifg=#ff8700
bg_208         xxx ctermfg=208 ctermbg=208 guifg=#ff8700 guibg=#ff8700
fg_209         xxx ctermfg=209 guifg=#ff875f
bg_209         xxx ctermfg=209 ctermbg=209 guifg=#ff875f guibg=#ff875f
fg_210         xxx ctermfg=210 guifg=#ff8787
bg_210         xxx ctermfg=210 ctermbg=210 guifg=#ff8787 guibg=#ff8787
fg_211         xxx ctermfg=211 guifg=#ff87af
bg_211         xxx ctermfg=211 ctermbg=211 guifg=#ff87af guibg=#ff87af
fg_212         xxx ctermfg=212 guifg=#ff87df
bg_212         xxx ctermfg=212 ctermbg=212 guifg=#ff87df guibg=#ff87df
fg_213         xxx ctermfg=213 guifg=#ff87ff
bg_213         xxx ctermfg=213 ctermbg=213 guifg=#ff87ff guibg=#ff87ff
fg_214         xxx ctermfg=214 guifg=#ffaf00
bg_214         xxx ctermfg=214 ctermbg=214 guifg=#ffaf00 guibg=#ffaf00
fg_215         xxx ctermfg=215 guifg=#ffaf5f
bg_215         xxx ctermfg=215 ctermbg=215 guifg=#ffaf5f guibg=#ffaf5f
fg_216         xxx ctermfg=216 guifg=#ffaf87
bg_216         xxx ctermfg=216 ctermbg=216 guifg=#ffaf87 guibg=#ffaf87
fg_217         xxx ctermfg=217 guifg=#ffafaf
bg_217         xxx ctermfg=217 ctermbg=217 guifg=#ffafaf guibg=#ffafaf
fg_218         xxx ctermfg=218 guifg=#ffafdf
bg_218         xxx ctermfg=218 ctermbg=218 guifg=#ffafdf guibg=#ffafdf
fg_219         xxx ctermfg=219 guifg=#ffafff
bg_219         xxx ctermfg=219 ctermbg=219 guifg=#ffafff guibg=#ffafff
fg_220         xxx ctermfg=220 guifg=#ffdf00
bg_220         xxx ctermfg=220 ctermbg=220 guifg=#ffdf00 guibg=#ffdf00
fg_221         xxx ctermfg=221 guifg=#ffdf5f
bg_221         xxx ctermfg=221 ctermbg=221 guifg=#ffdf5f guibg=#ffdf5f
fg_222         xxx ctermfg=222 guifg=#ffdf87
bg_222         xxx ctermfg=222 ctermbg=222 guifg=#ffdf87 guibg=#ffdf87
fg_223         xxx ctermfg=223 guifg=#ffdfaf
bg_223         xxx ctermfg=223 ctermbg=223 guifg=#ffdfaf guibg=#ffdfaf
fg_224         xxx ctermfg=224 guifg=#ffdfdf
bg_224         xxx ctermfg=224 ctermbg=224 guifg=#ffdfdf guibg=#ffdfdf
fg_225         xxx ctermfg=225 guifg=#ffdfff
bg_225         xxx ctermfg=225 ctermbg=225 guifg=#ffdfff guibg=#ffdfff
fg_226         xxx ctermfg=226 guifg=#ffff00
bg_226         xxx ctermfg=226 ctermbg=226 guifg=#ffff00 guibg=#ffff00
fg_227         xxx ctermfg=227 guifg=#ffff5f
bg_227         xxx ctermfg=227 ctermbg=227 guifg=#ffff5f guibg=#ffff5f
fg_228         xxx ctermfg=228 guifg=#ffff87
bg_228         xxx ctermfg=228 ctermbg=228 guifg=#ffff87 guibg=#ffff87
fg_229         xxx ctermfg=229 guifg=#ffffaf
bg_229         xxx ctermfg=229 ctermbg=229 guifg=#ffffaf guibg=#ffffaf
fg_230         xxx ctermfg=230 guifg=#ffffdf
bg_230         xxx ctermfg=230 ctermbg=230 guifg=#ffffdf guibg=#ffffdf
fg_231         xxx ctermfg=231 guifg=#ffffff
bg_231         xxx ctermfg=231 ctermbg=231 guifg=#ffffff guibg=#ffffff
fg_232         xxx ctermfg=232 guifg=#080808
bg_232         xxx ctermfg=232 ctermbg=232 guifg=#080808 guibg=#080808
fg_233         xxx ctermfg=233 guifg=#121212
bg_233         xxx ctermfg=233 ctermbg=233 guifg=#121212 guibg=#121212
fg_234         xxx ctermfg=234 guifg=#1c1c1c
bg_234         xxx ctermfg=234 ctermbg=234 guifg=#1c1c1c guibg=#1c1c1c
fg_235         xxx ctermfg=235 guifg=#262626
bg_235         xxx ctermfg=235 ctermbg=235 guifg=#262626 guibg=#262626
fg_236         xxx ctermfg=236 guifg=#303030
bg_236         xxx ctermfg=236 ctermbg=236 guifg=#303030 guibg=#303030
fg_237         xxx ctermfg=237 guifg=#3a3a3a
bg_237         xxx ctermfg=237 ctermbg=237 guifg=#3a3a3a guibg=#3a3a3a
fg_238         xxx ctermfg=238 guifg=#444444
bg_238         xxx ctermfg=238 ctermbg=238 guifg=#444444 guibg=#444444
fg_239         xxx ctermfg=239 guifg=#4e4e4e
bg_239         xxx ctermfg=239 ctermbg=239 guifg=#4e4e4e guibg=#4e4e4e
fg_240         xxx ctermfg=240 guifg=#585858
bg_240         xxx ctermfg=240 ctermbg=240 guifg=#585858 guibg=#585858
fg_241         xxx ctermfg=241 guifg=#606060
bg_241         xxx ctermfg=241 ctermbg=241 guifg=#606060 guibg=#606060
fg_242         xxx ctermfg=242 guifg=#666666
bg_242         xxx ctermfg=242 ctermbg=242 guifg=#666666 guibg=#666666
fg_243         xxx ctermfg=243 guifg=#767676
bg_243         xxx ctermfg=243 ctermbg=243 guifg=#767676 guibg=#767676
fg_244         xxx ctermfg=244 guifg=#808080
bg_244         xxx ctermfg=244 ctermbg=244 guifg=#808080 guibg=#808080
fg_245         xxx ctermfg=245 guifg=#8a8a8a
bg_245         xxx ctermfg=245 ctermbg=245 guifg=#8a8a8a guibg=#8a8a8a
fg_246         xxx ctermfg=246 guifg=#949494
bg_246         xxx ctermfg=246 ctermbg=246 guifg=#949494 guibg=#949494
fg_247         xxx ctermfg=247 guifg=#9e9e9e
bg_247         xxx ctermfg=247 ctermbg=247 guifg=#9e9e9e guibg=#9e9e9e
fg_248         xxx ctermfg=248 guifg=#a8a8a8
bg_248         xxx ctermfg=248 ctermbg=248 guifg=#a8a8a8 guibg=#a8a8a8
fg_249         xxx ctermfg=249 guifg=#b2b2b2
bg_249         xxx ctermfg=249 ctermbg=249 guifg=#b2b2b2 guibg=#b2b2b2
fg_250         xxx ctermfg=250 guifg=#bcbcbc
bg_250         xxx ctermfg=250 ctermbg=250 guifg=#bcbcbc guibg=#bcbcbc
fg_251         xxx ctermfg=251 guifg=#c6c6c6
bg_251         xxx ctermfg=251 ctermbg=251 guifg=#c6c6c6 guibg=#c6c6c6
fg_252         xxx ctermfg=252 guifg=#d0d0d0
bg_252         xxx ctermfg=252 ctermbg=252 guifg=#d0d0d0 guibg=#d0d0d0
fg_253         xxx ctermfg=253 guifg=#dadada
bg_253         xxx ctermfg=253 ctermbg=253 guifg=#dadada guibg=#dadada
fg_254         xxx ctermfg=254 guifg=#e4e4e4
bg_254         xxx ctermfg=254 ctermbg=254 guifg=#e4e4e4 guibg=#e4e4e4
fg_255         xxx ctermfg=255 guifg=#eeeeee
bg_255         xxx ctermfg=255 ctermbg=255 guifg=#eeeeee guibg=#eeeeee
XtermColorTableComment xxx links to Comment
